Start
D, [2013-08-26T10:48:49.613868 #30694] DEBUG -- : Terminating 8 actors...
D, [2013-08-26T10:48:49.615605 #30694] DEBUG -- : Shutdown completed cleanly
07_run.rb:84:in `block (2 levels) in <main>': undefined method `switch_weather_for_pf' for nil:NilClass (NoMethodError)
	from 07_run.rb:79:in `each'
	from 07_run.rb:79:in `block in <main>'
	from 07_run.rb:62:in `each'
	from 07_run.rb:62:in `<main>'
{
                   :id => "nagoya_4_0",
               :filter => "pf",
           :max_strage => 5000.0,
               :target => 500.0,
     :buy_target_ratio => 0.4,
    :sell_target_ratio => 0.4,
               :solars => [],
              :demands => [],
              :address => "nagoya",
          :limit_power => 2000.0,
           :chunk_size => 5,
       :midnight_ratio => 0.8,
    :midnight_strategy => true,
    :midnight_interval => 4,
           :contractor => #<Celluloid::ActorProxy(PowerCompany:0x3ffe8bf116ec) @id="pc1" @tpp=0.0 @yield=0.0 @tpg=0.0 @lpg=18000.0 @timestep=15 @onestep_tpp=0.0 @onestep_tpg=0.0 @onestep_lpg=187.5 @sell_price=20.0 @purchase_price=0.0095 @model_type=1 @train_data={} @action_list=[] @mails=[] @output_data=[] @trains={0=>[], 2=>[], 1=>[]} @weather=0>
}
{
                   :id => "nagoya_4_1",
               :filter => "pf",
           :max_strage => 5000.0,
               :target => 500.0,
     :buy_target_ratio => 0.4,
    :sell_target_ratio => 0.4,
               :solars => [],
              :demands => [],
              :address => "nagoya",
          :limit_power => 2000.0,
           :chunk_size => 5,
       :midnight_ratio => 0.8,
    :midnight_strategy => true,
    :midnight_interval => 4,
           :contractor => #<Celluloid::ActorProxy(PowerCompany:0x3ffe8bf116ec) @id="pc1" @tpp=0.0 @yield=0.0 @tpg=0.0 @lpg=18000.0 @timestep=15 @onestep_tpp=0.0 @onestep_tpg=0.0 @onestep_lpg=187.5 @sell_price=20.0 @purchase_price=0.0095 @model_type=1 @train_data={} @action_list=[] @mails=[] @output_data=[] @trains={0=>[], 2=>[], 1=>[]} @weather=0>
}
{
                   :id => "nagoya_4_2",
               :filter => "pf",
           :max_strage => 5000.0,
               :target => 500.0,
     :buy_target_ratio => 0.4,
    :sell_target_ratio => 0.4,
               :solars => [],
              :demands => [],
              :address => "nagoya",
          :limit_power => 2000.0,
           :chunk_size => 5,
       :midnight_ratio => 0.8,
    :midnight_strategy => true,
    :midnight_interval => 4,
           :contractor => #<Celluloid::ActorProxy(PowerCompany:0x3ffe8bf116ec) @id="pc1" @tpp=0.0 @yield=0.0 @tpg=0.0 @lpg=18000.0 @timestep=15 @onestep_tpp=0.0 @onestep_tpg=0.0 @onestep_lpg=187.5 @sell_price=20.0 @purchase_price=0.0095 @model_type=1 @train_data={} @action_list=[] @mails=[] @output_data=[] @trains={0=>[], 2=>[], 1=>[]} @weather=0>
}
Day 1, Weather -> [Rainy]
merge.rb:20:in `initialize': No such file or directory - ./result/result_0.csv (Errno::ENOENT)
	from merge.rb:20:in `open'
	from merge.rb:20:in `block (2 levels) in <main>'
	from merge.rb:19:in `each'
	from merge.rb:19:in `block in <main>'
	from /home/yshtak/.rbenv/versions/2.0.0-p0/lib/ruby/2.0.0/csv.rb:1266:in `open'
	from merge.rb:15:in `<main>'
	zip warning: name not matched: nagoya_4_*
  adding: result/merge.csv (stored 0%)
End
