Start
D, [2013-08-27T10:37:32.588933 #11509] DEBUG -- : Terminating 8 actors...
D, [2013-08-27T10:37:32.594109 #11509] DEBUG -- : Shutdown completed cleanly
/home/kawaguchi/.rbenv/versions/2.0.0-p0/lib/ruby/2.0.0/thread.rb:72:in `sleep': Interrupt
	from /home/kawaguchi/.rbenv/versions/2.0.0-p0/lib/ruby/2.0.0/thread.rb:72:in `block (2 levels) in wait'
	from /home/kawaguchi/.rbenv/versions/2.0.0-p0/lib/ruby/2.0.0/thread.rb:68:in `handle_interrupt'
	from /home/kawaguchi/.rbenv/versions/2.0.0-p0/lib/ruby/2.0.0/thread.rb:68:in `block in wait'
	from /home/kawaguchi/.rbenv/versions/2.0.0-p0/lib/ruby/2.0.0/thread.rb:66:in `handle_interrupt'
	from /home/kawaguchi/.rbenv/versions/2.0.0-p0/lib/ruby/2.0.0/thread.rb:66:in `wait'
	from /home/kawaguchi/.rbenv/versions/2.0.0-p0/gemsets/em_simu/gems/celluloid-0.14.1/lib/celluloid/mailbox.rb:73:in `receive'
	from /home/kawaguchi/.rbenv/versions/2.0.0-p0/gemsets/em_simu/gems/celluloid-0.14.1/lib/celluloid/calls.rb:100:in `block in wait'
	from /home/kawaguchi/.rbenv/versions/2.0.0-p0/gemsets/em_simu/gems/celluloid-0.14.1/lib/celluloid/calls.rb:99:in `loop'
	from /home/kawaguchi/.rbenv/versions/2.0.0-p0/gemsets/em_simu/gems/celluloid-0.14.1/lib/celluloid/calls.rb:99:in `wait'
	from /home/kawaguchi/.rbenv/versions/2.0.0-p0/gemsets/em_simu/gems/celluloid-0.14.1/lib/celluloid.rb:62:in `suspend'
	from /home/kawaguchi/.rbenv/versions/2.0.0-p0/gemsets/em_simu/gems/celluloid-0.14.1/lib/celluloid/calls.rb:95:in `value'
	from /home/kawaguchi/.rbenv/versions/2.0.0-p0/gemsets/em_simu/gems/celluloid-0.14.1/lib/celluloid/proxies/sync_proxy.rb:28:in `method_missing'
	from /home/kawaguchi/.rbenv/versions/2.0.0-p0/gemsets/em_simu/gems/celluloid-0.14.1/lib/celluloid/legacy.rb:14:in `method_missing'
	from 07_run.rb:99:in `block (3 levels) in <main>'
	from 07_run.rb:97:in `each'
	from 07_run.rb:97:in `block (2 levels) in <main>'
	from 07_run.rb:96:in `each'
	from 07_run.rb:96:in `block in <main>'
	from 07_run.rb:68:in `each'
	from 07_run.rb:68:in `<main>'
{
                   :id => "nagoya_3_0",
               :filter => "pf",
           :max_strage => 5000.0,
               :target => 500.0,
     :buy_target_ratio => 0.4,
    :sell_target_ratio => 0.4,
               :solars => [],
              :demands => [],
              :address => "nagoya",
          :limit_power => 2000.0,
           :chunk_size => 5,
       :midnight_ratio => 0.8,
    :midnight_strategy => true,
    :midnight_interval => 4,
           :contractor => #<Celluloid::ActorProxy(PowerCompany:0x3f99d58b08e0) @id="pc1" @tpp=0.0 @yield=0.0 @tpg=0.0 @lpg=18000.0 @timestep=15 @onestep_tpp=0.0 @onestep_tpg=0.0 @onestep_lpg=187.5 @sell_price=20.0 @purchase_price=0.0095 @model_type=1 @train_data={} @action_list=[] @mails=[] @output_data=[] @trains={0=>[], 2=>[], 1=>[]} @weather=0>
}
{
                   :id => "nagoya_3_1",
               :filter => "pf",
           :max_strage => 5000.0,
               :target => 500.0,
     :buy_target_ratio => 0.4,
    :sell_target_ratio => 0.4,
               :solars => [],
              :demands => [],
              :address => "nagoya",
          :limit_power => 2000.0,
           :chunk_size => 5,
       :midnight_ratio => 0.8,
    :midnight_strategy => true,
    :midnight_interval => 4,
           :contractor => #<Celluloid::ActorProxy(PowerCompany:0x3f99d58b08e0) @id="pc1" @tpp=0.0 @yield=0.0 @tpg=0.0 @lpg=18000.0 @timestep=15 @onestep_tpp=0.0 @onestep_tpg=0.0 @onestep_lpg=187.5 @sell_price=20.0 @purchase_price=0.0095 @model_type=1 @train_data={} @action_list=[] @mails=[] @output_data=[] @trains={0=>[], 2=>[], 1=>[]} @weather=0>
}
{
                   :id => "nagoya_3_2",
               :filter => "pf",
           :max_strage => 5000.0,
               :target => 500.0,
     :buy_target_ratio => 0.4,
    :sell_target_ratio => 0.4,
               :solars => [],
              :demands => [],
              :address => "nagoya",
          :limit_power => 2000.0,
           :chunk_size => 5,
       :midnight_ratio => 0.8,
    :midnight_strategy => true,
    :midnight_interval => 4,
           :contractor => #<Celluloid::ActorProxy(PowerCompany:0x3f99d58b08e0) @id="pc1" @tpp=0.0 @yield=0.0 @tpg=0.0 @lpg=18000.0 @timestep=15 @onestep_tpp=0.0 @onestep_tpg=0.0 @onestep_lpg=187.5 @sell_price=20.0 @purchase_price=0.0095 @model_type=1 @train_data={} @action_list=[] @mails=[] @output_data=[] @trains={0=>[], 2=>[], 1=>[]} @weather=0>
}
Day 1, Weather -> [Cloudy]
sell_power:0.0		buy_power:125.0		purchase_price:20.0		sell_price:21.143
sell_power:0.0		buy_power:125.0		purchase_price:20.0		sell_price:21.143
sell_power:0.0		buy_power:125.0		purchase_price:20.0		sell_price:21.143
sell_power:0.0		buy_power:125.0		purchase_price:20.0		sell_price:21.143
sell_power:0.0		buy_power:125.0		purchase_price:20.0		sell_price:21.143
sell_power:0.0		buy_power:125.0		purchase_price:20.0		sell_price:21.143
sell_power:0.0		buy_power:125.0		purchase_price:20.0		sell_price:21.143
sell_power:0.0		buy_power:125.0		purchase_price:20.0		sell_price:21.143
sell_power:0.0		buy_power:125.0		purchase_price:20.0		sell_price:21.143
sell_power:0.0		buy_power:125.0		purchase_price:20.0		sell_price:21.143
sell_power:0.0		buy_power:125.0		purchase_price:20.0		sell_price:21.143
sell_power:0.0		buy_power:125.0		purchase_price:20.0		sell_price:21.143
sell_power:0.0		buy_power:125.0		purchase_price:20.0		sell_price:21.143
sell_power:0.0		buy_power:125.0		purchase_price:20.0		sell_price:21.143
sell_power:0.0		buy_power:125.0		purchase_price:20.0		sell_price:21.143
sell_power:0.0		buy_power:125.0		purchase_price:20.0		sell_price:21.143
sell_power:0.0		buy_power:125.0		purchase_price:20.0		sell_price:21.143
sell_power:0.0		buy_power:36.853		purchase_price:20.0		sell_price:20.313
sell_power:0.0		buy_power:38.779		purchase_price:20.0		sell_price:20.335
sell_power:0.0		buy_power:44.937		purchase_price:20.0		sell_price:20.392
sell_power:0.0		buy_power:50.654		purchase_price:20.0		sell_price:20.363
sell_power:0.0		buy_power:52.223		purchase_price:20.0		sell_price:20.362
sell_power:0.0		buy_power:55.044		purchase_price:20.0		sell_price:20.392
sell_power:0.0		buy_power:58.542		purchase_price:20.0		sell_price:20.49
sell_power:0.0		buy_power:58.29		purchase_price:20.0		sell_price:20.513
sell_power:0.0		buy_power:57.451		purchase_price:20.0		sell_price:20.479
sell_power:0.0		buy_power:49.856		purchase_price:20.0		sell_price:20.357
sell_power:0.0		buy_power:44.493		purchase_price:20.0		sell_price:20.313
merge.rb:20:in `initialize': No such file or directory - ./result/result_0.csv (Errno::ENOENT)
	from merge.rb:20:in `open'
	from merge.rb:20:in `block (2 levels) in <main>'
	from merge.rb:19:in `each'
	from merge.rb:19:in `block in <main>'
	from /home/kawaguchi/.rbenv/versions/2.0.0-p0/lib/ruby/2.0.0/csv.rb:1266:in `open'
	from merge.rb:15:in `<main>'
  adding: result/nagoya_3_0/ (stored 0%)
  adding: result/nagoya_3_0/result_1.csv (deflated 56%)
  adding: result/nagoya_3_0/result_0.csv (deflated 64%)
  adding: result/nagoya_3_0/result_2.csv (stored 0%)
  adding: result/nagoya_3_1/ (stored 0%)
  adding: result/nagoya_3_1/result_1.csv (deflated 56%)
  adding: result/nagoya_3_1/result_0.csv (deflated 64%)
  adding: result/nagoya_3_1/result_2.csv (stored 0%)
  adding: result/nagoya_3_2/ (stored 0%)
  adding: result/nagoya_3_2/result_1.csv (deflated 56%)
  adding: result/nagoya_3_2/result_0.csv (deflated 65%)
  adding: result/nagoya_3_2/result_2.csv (stored 0%)
rm: `result/*csv' を削除できません: そのようなファイルやディレクトリはありません
End
